<?xml version="1.0" encoding="UTF-8"?>
<testsuite xmlns:xsi="http://www.w3.org/2001/XMLSchema-instance" xsi:noNamespaceSchemaLocation="https://maven.apache.org/surefire/maven-surefire-plugin/xsd/surefire-test-report.xsd" name="org.xrw.AppTest" time="2.223" tests="2" errors="1" skipped="0" failures="0">
  <properties>
[...]
</properties>
  <testcase name="shouldAnswerWithTrue" classname="org.xrw.AppTest" time="0.025"/>
  <testcase name="test" classname="org.xrw.AppTest" time="2.152">
    <error message="Target /word is a directory" type="java.io.IOException">java.io.IOException: Target /word is a directory
	at org.xrw.AppTest.test(AppTest.java:47)
</error>
    <system-out><![CDATA[[WARN ] 2018-10-28 17:11:22,175 method:org.apache.hadoop.util.NativeCodeLoader.<clinit>(NativeCodeLoader.java:62)
Unable to load native-hadoop library for your platform... using builtin-java classes where applicable
]]></system-out>
  </testcase>
</testsuite>